[14748:25056:2023-11-10 9:42:43.885] Main Start
[14748:25056:2023-11-10 9:42:43.885] Command line:"C:\Users\aravi\Downloads\Zoom.exe"  Instance:0xB90000 Show State:1
[14748:25056:2023-11-10 9:42:43.965] C:\
[14748:21076:2023-11-10 9:42:43.970] [process_requst] start, url:https://zoom.us/conf/launch
[14748:21076:2023-11-10 9:42:45.431] [req_state_read_status_code] zHttpQueryInfo complete, status:200
[14748:21076:2023-11-10 9:42:45.431] [req_state_read_status_code] zHttpQueryInfo complete, status:200 Error: 0
[14748:21076:2023-11-10 9:42:45.431] [read_response_content] API call zHttpQueryInfo failed, error: 12150
[14748:21076:2023-11-10 9:42:45.432] [log_response_content] Content length (1048576 as unknown):1048576 , Total read: 1238 , Error No: 0 , Status code: 200
[14748:21076:2023-11-10 9:42:45.432] [log_response_content] header:
[14748:21076:2023-11-10 9:42:45.432] HTTP/1.1 200 OK
Date: Fri, 10 Nov 2023 04:12:45 GMT
Content-Type: text/plain;charset=utf-8
Transfer-Encoding: chunked
Connection: keep-alive
x-zm-trackingid: v=2.0;clid=aw1;rid=WEB_8f4e7d08b8ed16dcbc0bd89449d356b7
x-content-type-options: nosniff
content-security-policy: upgrade-insecure-requests; default-src https://*.zoom.us https://zoom.us blob: 'self'; img-src https: about: blob: data: 'self'; style-src https: safari-extension: chrome-extension: 'unsafe-inline' data: 'self'; font-src https: safari-extension: chrome-extension: blob: data: 'self'; connect-src * about: blob: data: 'self'; media-src * rtmp: blob: data: 'self'; frame-src https: ms-appx-web: zoommtg: zoomus: wvjbscheme: zoomprc: data: blob: 'self'; object-src 'none'; base-uri 'none';
x-frame-options: SAMEORIGIN
set-cookie: zm_aid=; Max-Age=0; Expires=Thu, 01 Jan 1970 00:00:10 GMT; Domain=zoom.us; Path=/; Secure; HttpOnly
x-zm-zoneid: VA
strict-transport-security: max-age=31536000; includeSubDomains
x-xss-protection: 1; mode=block
referrer-policy: strict-origin-when-cross-origin
CF-Cache-Status: DYNAMIC
Set-Cookie: zm_haid=; Max-Age=0; Expires=Thu, 01 Jan 1970 00:00:10 GMT; Domain=zoom.us; Path=/; Secure; HttpOnly
Set-Cookie: zm_tmaid=; Max-Age=0; Expires=Thu, 01 Jan 1970 00:00:10 GMT; Domain=zoom.us; Path=/; Secure; HttpOnly
Set-Cookie: zm_htmaid=; Max-Age=0; Expires=Thu, 01 Jan 1970 00:00:10 GMT; Domain=zoom.us; Path=/; Secure; HttpOnly
Set-Cookie: cred=1063E2AA8D08F9F54733F438C3082924; Path=/; Secure; HttpOnly
Set-Cookie: _zm_page_auth=aw1_c_VSHmVRzqT56fvaXPQ-Z36w; Domain=zoom.us; Path=/; Secure; HttpOnly
Set-Cookie: _zm_ssid=aw1_c_eWcOrccGTLO-k921hEUnDg; Domain=zoom.us; Path=/; Secure; HttpOnly
Set-Cookie: _zm_ctaid=GG4jtydeRMub_SVhkPUABA.1699589565243.bf694711ca70d2424e8a434472091be2; Max-Age=7200; Expires=Fri, 10 Nov 2023 06:12:45 GMT; Domain=zoom.us; Path=/; Secure; HttpOnly
Set-Cookie: _zm_chtaid=282; Max-Age=7200; Expires=Fri, 10 Nov 2023 06:12:45 GMT; Domain=zoom.us; Path=/; Secure; HttpOnly
Set-Cookie: _zm_mtk_guid=2f23b846e3f74253898d0394f92668fe; Max-Age=63072000; Expires=Sun, 09 Nov 2025 04:12:45 GMT; Domain=zoom.us; Path=/; Secure
Set-Cookie: __cf_bm=UiUkkS0Fbx433T3Tj5Q1C72tMAO0QIguDMd0Mh9JED8-1699589565-0-AUFFx6cMmNvn6ODB35AQ5SkMjtRdha1/kpAMj6wcsC7notLUK1FmwJhRwnWR2CrvCwTQ4TqQbzlYmgqh81gAuF8=; path=/; expires=Fri, 10-Nov-23 04:42:45 GMT; domain=.zoom.us; HttpOnly; Secure; SameSite=None
Report-To: {"endpoints":[{"url":"https:\/\/a.nel.cloudflare.com\/report\/v3?s=3py7BpkrsQhC2eCMjcdzlDbGSmBGN11zO%2BI8W8zdp6Tz6z8Vl9azhd%2FTdtj74ic6Yc1bQbrr9otYuw5kt%2B8gNZnlHX6cxxc%2BqJ%2FO7HDdI9JVBs0cZ6ztV20%3D"}],"group":"cf-nel","max_age":604800}
NEL: {"success_fraction":0.01,"report_to":"cf-nel","max_age":604800}
Server: cloudflare
CF-RAY: 823b757b9cebf3e9-BOM
alt-svc: h3=":443"; ma=86400


[14748:21076:2023-11-10 9:42:45.432] [process_requst] End for url:https://zoom.us/conf/launch, return code:200, Error:0, Response content size:1238
[14748:25056:2023-11-10 9:42:45.480] [client_has_installed_app] found path:
[14748:25056:2023-11-10 9:42:45.480]  ***NULL-POINTER-PLACEHOLDER***
[14748:25056:2023-11-10 9:42:45.480] [param_query_local_path] path is: C:\Users\aravi\AppData\Roaming\Zoom\ZoomDownload\ dir create response : 1 system error: 1008
[14748:25056:2023-11-10 9:42:45.480] [downloader_run] State:0
[14748:14744:2023-11-10 9:42:45.482] [process_requst] start, url:https://zoom.us/client/latest/Installer.exe?archType=x64
[14748:25056:2023-11-10 9:42:45.482] [client_has_installed_app] found path:
[14748:25056:2023-11-10 9:42:45.482]  ***NULL-POINTER-PLACEHOLDER***
[14748:14744:2023-11-10 9:42:46.382] [req_state_read_status_code] zHttpQueryInfo complete, status:200
[14748:14744:2023-11-10 9:42:46.382] [req_state_read_status_code] zHttpQueryInfo complete, status:200 Error: 0
[14748:14744:2023-11-10 9:42:46.906] [read_response_file] Status Code:200, content length: 1020232, total read: 1020232, error code: 0
[14748:14744:2023-11-10 9:42:46.907] [process_requst] End for url:https://zoom.us/client/latest/Installer.exe?archType=x64, return code:200, Error:0, Response content size:0
[14748:25056:2023-11-10 9:42:46.965] [handle_download_job_done] Index: 1 Curr index: 1 StatusCode: 200 Error: 0 Response is Empty. 
[14748:14744:2023-11-10 9:42:47.5] [process_requst] start, url:https://zoom.us/client/latest/Zoom.msi?archType=x64
[14748:14744:2023-11-10 9:42:48.606] [req_state_read_status_code] zHttpQueryInfo complete, status:200
[14748:14744:2023-11-10 9:42:48.606] [req_state_read_status_code] zHttpQueryInfo complete, status:200 Error: 0
[14748:14744:2023-11-10 9:43:0.1] [read_response_file] Status Code:200, content length: 35619335, total read: 35619335, error code: 0
[14748:14744:2023-11-10 9:43:0.19] [process_requst] End for url:https://zoom.us/client/latest/Zoom.msi?archType=x64, return code:200, Error:0, Response content size:0
[14748:25056:2023-11-10 9:43:0.80] [handle_download_job_done] Index: 2 Curr index: 2 StatusCode: 200 Error: 0 Response is Empty. 
[14748:25056:2023-11-10 9:43:0.92] C:\Users\aravi\AppData\Roaming\Zoom\ZoomDownload\Installer.exe
[14748:25056:2023-11-10 9:43:0.92] ZInstaller --conf.mode=silent --ipc_wnd=5048200
[14748:25056:2023-11-10 9:43:0.513] [launch_silent_install] Installer process created, result:42
